SF:/mnt/c/Users/Bera/Desktop/ce205-final-ahmetbera-celik-yakup-eroglu-hasanbasri-taskin-enes-koy-cpp/src/recipecosting/header/recipecosting.h
DA:52,1
DA:53,1
DA:54,1
DA:55,1
DA:56,1
DA:57,1
DA:51,1
DA:72,1
DA:73,1
DA:74,1
DA:75,1
DA:76,1
DA:77,1
DA:78,1
DA:79,1
DA:71,1
DA:64,1
DA:65,1
DA:63,1
DA:32,1
DA:33,1
DA:34,1
DA:35,1
DA:31,1
DA:42,1
DA:43,1
DA:44,1
DA:45,1
DA:41,1
DA:16,1
DA:21,1
DA:26,1
DA:46,1
DA:58,1
DA:66,1
DA:80,1
DA:83,1
DA:84,1
DA:86,1
DA:87,1
DA:88,1
DA:90,1
DA:91,1
DA:92,1
DA:93,1
DA:95,1
DA:96,1
DA:97,1
DA:98,1
DA:100,1
DA:101,1
DA:102,1
DA:103,1
DA:104,1
DA:105,1
DA:107,1
DA:108,1
DA:109,1
DA:110,1
DA:111,1
DA:112,1
DA:113,1
DA:1,1
end_of_record
SF:/mnt/c/Users/Bera/Desktop/ce205-final-ahmetbera-celik-yakup-eroglu-hasanbasri-taskin-enes-koy-cpp/src/priceadjustment/header/priceadjustment.h
DA:19,0
DA:18,1
DA:20,0
DA:22,1
DA:23,1
DA:31,1
DA:38,1
DA:45,1
DA:52,1
DA:61,1
DA:70,1
DA:79,1
DA:88,1
DA:98,1
DA:107,1
DA:116,1
DA:123,1
DA:130,1
DA:137,1
DA:1,1
end_of_record
SF:/mnt/c/Users/Bera/Desktop/ce205-final-ahmetbera-celik-yakup-eroglu-hasanbasri-taskin-enes-koy-cpp/src/ingredientmanagement/header/ingredientmanagement.h
DA:27,1
DA:28,1
DA:29,1
DA:30,1
DA:26,1
DA:15,1
DA:16,1
DA:17,1
DA:18,1
DA:19,1
DA:20,1
DA:14,1
DA:21,1
DA:31,1
DA:34,1
DA:35,1
DA:36,1
DA:37,1
DA:38,1
DA:39,1
DA:40,1
DA:41,1
DA:42,1
DA:43,1
DA:44,1
DA:47,1
DA:48,1
DA:49,1
DA:50,1
DA:51,1
DA:52,1
DA:55,1
DA:56,1
DA:57,1
DA:1,1
end_of_record
SF:/mnt/c/Users/Bera/Desktop/ce205-final-ahmetbera-celik-yakup-eroglu-hasanbasri-taskin-enes-koy-cpp/src/userauthentication/header/userauthentication.h
DA:16,1
DA:17,1
DA:18,1
DA:19,1
DA:20,1
DA:15,1
DA:24,1
DA:25,1
DA:26,1
DA:27,1
DA:30,1
DA:31,1
DA:32,1
DA:35,1
DA:36,1
DA:37,1
DA:38,1
DA:39,1
DA:42,1
DA:43,1
DA:44,1
DA:1,1
end_of_record
SF:/mnt/c/Users/Bera/Desktop/ce205-final-ahmetbera-celik-yakup-eroglu-hasanbasri-taskin-enes-koy-cpp/README.md
DA:1,0
end_of_record
SF:/mnt/c/Users/Bera/Desktop/ce205-final-ahmetbera-celik-yakup-eroglu-hasanbasri-taskin-enes-koy-cpp/src/budgetplanner/header/budgetplanner.h
DA:17,1
DA:25,1
DA:33,1
DA:40,1
DA:1,0
end_of_record
SF:/mnt/c/Users/Bera/Desktop/ce205-final-ahmetbera-celik-yakup-eroglu-hasanbasri-taskin-enes-koy-cpp/src/budgetplanner/src/budgetplanner.cpp
DA:19,1
DA:111,1
DA:144,1
DA:158,1
DA:1,0
end_of_record
SF:/mnt/c/Users/Bera/Desktop/ce205-final-ahmetbera-celik-yakup-eroglu-hasanbasri-taskin-enes-koy-cpp/src/costcalculatorapp/header/costcalculatorapp.h
DA:1,1
end_of_record
SF:/mnt/c/Users/Bera/Desktop/ce205-final-ahmetbera-celik-yakup-eroglu-hasanbasri-taskin-enes-koy-cpp/src/costcalculatorapp/src/costcalculatorapp.cpp
DA:22,1
DA:1,1
end_of_record
SF:/mnt/c/Users/Bera/Desktop/ce205-final-ahmetbera-celik-yakup-eroglu-hasanbasri-taskin-enes-koy-cpp/src/ingredientmanagement/src/ingredientmanagement.cpp
DA:22,1
DA:36,1
DA:51,1
DA:92,1
DA:117,1
DA:131,1
DA:159,1
DA:213,1
DA:232,1
DA:257,1
DA:292,1
DA:329,1
DA:366,1
DA:412,1
DA:486,1
DA:516,1
DA:553,1
DA:590,1
DA:611,1
DA:627,1
DA:1,1
end_of_record
SF:/mnt/c/Users/Bera/Desktop/ce205-final-ahmetbera-celik-yakup-eroglu-hasanbasri-taskin-enes-koy-cpp/src/priceadjustment/src/priceadjustment.cpp
DA:17,1
DA:55,1
DA:85,1
DA:97,1
DA:110,1
DA:141,1
DA:166,1
DA:182,1
DA:200,1
DA:223,1
DA:242,1
DA:260,1
DA:288,1
DA:306,1
DA:489,1
DA:529,1
DA:1,1
end_of_record
SF:/mnt/c/Users/Bera/Desktop/ce205-final-ahmetbera-celik-yakup-eroglu-hasanbasri-taskin-enes-koy-cpp/src/recipecosting/src/recipecosting.cpp
DA:27,1
DA:49,1
DA:64,1
DA:78,1
DA:95,1
DA:141,1
DA:173,1
DA:212,1
DA:230,1
DA:306,1
DA:491,1
DA:556,1
DA:625,1
DA:652,1
DA:689,1
DA:714,1
DA:732,1
DA:799,1
DA:815,1
DA:849,1
DA:866,1
DA:877,1
DA:891,1
DA:940,1
DA:989,1
DA:1019,1
DA:1,1
end_of_record
SF:/mnt/c/Users/Bera/Desktop/ce205-final-ahmetbera-celik-yakup-eroglu-hasanbasri-taskin-enes-koy-cpp/src/userauthentication/src/userauthentication.cpp
DA:26,1
DA:31,1
DA:44,1
DA:55,1
DA:67,1
DA:88,1
DA:106,1
DA:126,1
DA:145,1
DA:161,1
DA:209,1
DA:238,1
DA:278,1
DA:301,1
DA:348,1
DA:398,1
DA:1,1
end_of_record
