SF:/mnt/c/Users/Bera/Desktop/ce205-final-ahmetbera-celik-yakup-eroglu-hasanbasri-taskin-enes-koy-cpp/src/recipecosting/header/recipecosting.h
DA:51,1
DA:52,1
DA:53,1
DA:54,1
DA:55,1
DA:56,1
DA:50,1
DA:31,1
DA:32,1
DA:33,1
DA:34,1
DA:30,1
DA:41,1
DA:42,1
DA:43,1
DA:44,1
DA:40,1
DA:16,1
DA:20,1
DA:24,1
DA:60,1
DA:61,1
DA:63,1
DA:64,1
DA:65,1
DA:67,1
DA:68,1
DA:69,1
DA:70,1
DA:72,1
DA:73,1
DA:74,1
DA:75,1
DA:77,1
DA:78,1
DA:79,1
DA:80,1
DA:81,1
DA:82,1
DA:1,1
end_of_record
SF:/mnt/c/Users/Bera/Desktop/ce205-final-ahmetbera-celik-yakup-eroglu-hasanbasri-taskin-enes-koy-cpp/src/priceadjustment/header/priceadjustment.h
DA:19,0
DA:18,1
DA:20,0
DA:28,1
DA:35,1
DA:42,1
DA:49,1
DA:58,1
DA:67,1
DA:76,1
DA:85,1
DA:95,1
DA:104,1
DA:113,1
DA:122,1
DA:129,1
DA:136,1
DA:143,1
DA:1,1
end_of_record
SF:/mnt/c/Users/Bera/Desktop/ce205-final-ahmetbera-celik-yakup-eroglu-hasanbasri-taskin-enes-koy-cpp/src/ingredientmanagement/header/ingredientmanagement.h
DA:26,1
DA:27,1
DA:28,1
DA:29,1
DA:25,1
DA:15,1
DA:16,1
DA:17,1
DA:18,1
DA:19,1
DA:14,1
DA:20,1
DA:30,1
DA:33,1
DA:34,1
DA:35,1
DA:36,1
DA:37,1
DA:38,1
DA:39,1
DA:40,1
DA:41,1
DA:42,1
DA:43,1
DA:46,1
DA:47,1
DA:48,1
DA:49,1
DA:50,1
DA:51,1
DA:54,1
DA:55,1
DA:56,1
DA:1,1
end_of_record
SF:/mnt/c/Users/Bera/Desktop/ce205-final-ahmetbera-celik-yakup-eroglu-hasanbasri-taskin-enes-koy-cpp/src/userauthentication/header/userauthentication.h
DA:16,1
DA:17,1
DA:18,1
DA:19,1
DA:20,1
DA:15,1
DA:24,1
DA:25,1
DA:26,1
DA:27,1
DA:30,1
DA:31,1
DA:32,1
DA:35,1
DA:36,1
DA:37,1
DA:38,1
DA:39,1
DA:42,1
DA:43,1
DA:44,1
DA:1,1
end_of_record
SF:/mnt/c/Users/Bera/Desktop/ce205-final-ahmetbera-celik-yakup-eroglu-hasanbasri-taskin-enes-koy-cpp/README.md
DA:1,0
end_of_record
SF:/mnt/c/Users/Bera/Desktop/ce205-final-ahmetbera-celik-yakup-eroglu-hasanbasri-taskin-enes-koy-cpp/src/budgetplanner/header/budgetplanner.h
DA:17,1
DA:25,1
DA:33,1
DA:40,1
DA:1,0
end_of_record
SF:/mnt/c/Users/Bera/Desktop/ce205-final-ahmetbera-celik-yakup-eroglu-hasanbasri-taskin-enes-koy-cpp/src/budgetplanner/src/budgetplanner.cpp
DA:19,1
DA:111,1
DA:144,1
DA:158,1
DA:1,0
end_of_record
SF:/mnt/c/Users/Bera/Desktop/ce205-final-ahmetbera-celik-yakup-eroglu-hasanbasri-taskin-enes-koy-cpp/src/costcalculatorapp/header/costcalculatorapp.h
DA:1,1
end_of_record
SF:/mnt/c/Users/Bera/Desktop/ce205-final-ahmetbera-celik-yakup-eroglu-hasanbasri-taskin-enes-koy-cpp/src/costcalculatorapp/src/costcalculatorapp.cpp
DA:22,1
DA:1,1
end_of_record
SF:/mnt/c/Users/Bera/Desktop/ce205-final-ahmetbera-celik-yakup-eroglu-hasanbasri-taskin-enes-koy-cpp/src/ingredientmanagement/src/ingredientmanagement.cpp
DA:22,1
DA:36,1
DA:51,1
DA:92,1
DA:117,1
DA:131,1
DA:159,1
DA:213,1
DA:232,1
DA:257,1
DA:292,1
DA:329,1
DA:366,1
DA:413,1
DA:486,1
DA:516,1
DA:553,1
DA:589,1
DA:610,1
DA:626,1
DA:1,1
end_of_record
SF:/mnt/c/Users/Bera/Desktop/ce205-final-ahmetbera-celik-yakup-eroglu-hasanbasri-taskin-enes-koy-cpp/src/priceadjustment/src/priceadjustment.cpp
DA:17,1
DA:50,1
DA:74,1
DA:87,1
DA:101,1
DA:117,1
DA:135,1
DA:154,1
DA:173,1
DA:191,1
DA:213,1
DA:231,1
DA:242,1
DA:398,1
DA:437,1
DA:1,1
end_of_record
SF:/mnt/c/Users/Bera/Desktop/ce205-final-ahmetbera-celik-yakup-eroglu-hasanbasri-taskin-enes-koy-cpp/src/recipecosting/src/recipecosting.cpp
DA:23,1
DA:41,1
DA:117,1
DA:302,1
DA:367,1
DA:436,1
DA:463,1
DA:500,1
DA:525,1
DA:543,1
DA:610,1
DA:626,1
DA:660,1
DA:677,1
DA:688,1
DA:702,1
DA:751,1
DA:800,1
DA:830,1
DA:1,1
end_of_record
SF:/mnt/c/Users/Bera/Desktop/ce205-final-ahmetbera-celik-yakup-eroglu-hasanbasri-taskin-enes-koy-cpp/src/userauthentication/src/userauthentication.cpp
DA:26,1
DA:31,1
DA:44,1
DA:55,1
DA:67,1
DA:88,1
DA:106,1
DA:126,1
DA:145,1
DA:161,1
DA:209,1
DA:238,1
DA:278,1
DA:301,1
DA:348,1
DA:398,1
DA:1,1
end_of_record
