SF:/mnt/c/Users/Bera/Desktop/ce205-final-ahmetbera-celik-yakup-eroglu-hasanbasri-taskin-enes-koy-cpp/src/tests/budgetplanner/budgetplanner_test.cpp
DA:8,0
DA:9,0
DA:10,0
DA:11,0
DA:13,0
DA:17,0
DA:24,0
DA:32,0
DA:39,0
DA:50,0
DA:61,0
DA:6,0
DA:99,0
DA:112,0
DA:125,0
DA:138,0
DA:151,0
DA:164,0
DA:177,0
DA:192,0
DA:214,1
DA:1,0
end_of_record
SF:/mnt/c/Users/Bera/Desktop/ce205-final-ahmetbera-celik-yakup-eroglu-hasanbasri-taskin-enes-koy-cpp/src/tests/ingredientmanagement/ingredientmanagement_test.cpp
DA:8,0
DA:9,0
DA:10,0
DA:11,0
DA:15,0
DA:21,0
DA:29,0
DA:37,0
DA:49,0
DA:6,0
DA:62,0
DA:72,0
DA:82,0
DA:92,0
DA:119,0
DA:129,0
DA:157,0
DA:170,0
DA:193,0
DA:208,0
DA:224,0
DA:251,0
DA:270,0
DA:289,0
DA:312,0
DA:328,0
DA:352,0
DA:370,0
DA:404,0
DA:427,0
DA:442,0
DA:480,0
DA:506,0
DA:520,0
DA:551,0
DA:584,0
DA:616,0
DA:644,0
DA:658,0
DA:689,0
DA:719,0
DA:748,0
DA:781,0
DA:813,0
DA:845,0
DA:872,0
DA:883,0
DA:952,1
DA:1,0
end_of_record
SF:/mnt/c/Users/Bera/Desktop/ce205-final-ahmetbera-celik-yakup-eroglu-hasanbasri-taskin-enes-koy-cpp/src/tests/priceadjustment/priceadjustment_test.cpp
DA:7,0
DA:8,0
DA:9,0
DA:11,0
DA:19,0
DA:26,0
DA:33,0
DA:40,0
DA:52,0
DA:64,0
DA:5,0
DA:3,0
DA:76,0
DA:87,0
DA:98,0
DA:107,0
DA:116,0
DA:126,0
DA:137,0
DA:148,0
DA:159,0
DA:170,0
DA:181,0
DA:192,0
DA:203,0
DA:214,0
DA:223,0
DA:233,0
DA:243,0
DA:246,0
DA:249,0
DA:259,1
DA:1,0
end_of_record
SF:/mnt/c/Users/Bera/Desktop/ce205-final-ahmetbera-celik-yakup-eroglu-hasanbasri-taskin-enes-koy-cpp/src/tests/recipecosting/recipecosting_test.cpp
DA:10,0
DA:11,0
DA:12,0
DA:13,0
DA:14,0
DA:16,0
DA:23,0
DA:30,0
DA:38,0
DA:50,0
DA:66,0
DA:86,0
DA:8,0
DA:103,0
DA:113,0
DA:123,0
DA:133,0
DA:143,0
DA:153,0
DA:163,0
DA:173,0
DA:183,0
DA:193,0
DA:203,0
DA:214,0
DA:224,0
DA:235,0
DA:245,0
DA:254,0
DA:264,0
DA:274,0
DA:284,0
DA:293,0
DA:303,0
DA:310,0
DA:319,0
DA:329,0
DA:339,0
DA:349,0
DA:369,0
DA:389,0
DA:406,0
DA:429,0
DA:438,0
DA:449,0
DA:1,0
end_of_record
SF:/mnt/c/Users/Bera/Desktop/ce205-final-ahmetbera-celik-yakup-eroglu-hasanbasri-taskin-enes-koy-cpp/src/tests/userauthentication/userauthentication_test.cpp
DA:7,0
DA:8,0
DA:9,0
DA:10,0
DA:11,0
DA:13,0
DA:17,0
DA:26,0
DA:34,0
DA:5,0
DA:49,0
DA:59,0
DA:69,0
DA:75,0
DA:81,0
DA:87,0
DA:103,0
DA:114,0
DA:129,0
DA:151,0
DA:156,0
DA:161,0
DA:166,0
DA:172,0
DA:179,0
DA:189,0
DA:199,0
DA:220,0
DA:245,0
DA:254,0
DA:263,0
DA:280,1
DA:1,0
end_of_record
SF:/mnt/c/Users/Bera/Desktop/ce205-final-ahmetbera-celik-yakup-eroglu-hasanbasri-taskin-enes-koy-cpp/[generated]
DA:1,0
end_of_record
SF:/mnt/c/Users/Bera/Desktop/ce205-final-ahmetbera-celik-yakup-eroglu-hasanbasri-taskin-enes-koy-cpp/README.md
DA:1,0
end_of_record
